Apr 25, 2017 12:37:53 PM org.sparkle.twilight.Node initializeNode
INFO: Initializing Node
Apr 25, 2017 12:37:53 PM org.sparkle.twilight.Node upsertFingerTable
INFO: Upserting Fingertable
Apr 25, 2017 12:37:53 PM org.sparkle.twilight.Node setPredecessor
WARNING: DataSource have 'No Value'
Apr 25, 2017 12:37:53 PM org.sparkle.twilight.Node maintainLists
FINEST: Sleeping for 5224.436686185237 ms
Apr 25, 2017 12:37:54 PM org.sparkle.twilight.Main main
INFO: Server started at https://localhost:8080/
Apr 25, 2017 12:37:58 PM org.sparkle.twilight.Node upsertFingerTable
INFO: Upserting Fingertable
Apr 25, 2017 12:37:58 PM org.sparkle.twilight.HttpsUtil createAndExecuteRequest
FINER: Send POST https://localhost:8080/lookup/linear HTTP/1.1 message to https://localhost:8080/lookup/linear
Apr 25, 2017 12:37:59 PM org.sparkle.twilight.HttpsUtil createAndExecuteRequest
FINER: Send POST https://localhost:8080/receive HTTP/1.1 message to https://localhost:8080/receive
Apr 25, 2017 12:37:59 PM org.sparkle.twilight.HttpsUtil createAndExecuteRequest
FINER: Send POST https://localhost:8080/lookup/linear HTTP/1.1 message to https://localhost:8080/lookup/linear
Apr 25, 2017 12:37:59 PM org.sparkle.twilight.HttpsUtil createAndExecuteRequest
FINER: Send POST https://localhost:8080/receive HTTP/1.1 message to https://localhost:8080/receive
Apr 25, 2017 12:37:59 PM org.sparkle.twilight.HttpsUtil createAndExecuteRequest
FINER: Send POST https://localhost:8080/lookup/linear HTTP/1.1 message to https://localhost:8080/lookup/linear
Apr 25, 2017 12:37:59 PM org.sparkle.twilight.HttpsUtil createAndExecuteRequest
FINER: Send POST https://localhost:8080/receive HTTP/1.1 message to https://localhost:8080/receive
Apr 25, 2017 12:37:59 PM org.sparkle.twilight.HttpsUtil createAndExecuteRequest
FINER: Send POST https://localhost:8080/lookup/linear HTTP/1.1 message to https://localhost:8080/lookup/linear
Apr 25, 2017 12:37:59 PM org.sparkle.twilight.HttpsUtil createAndExecuteRequest
FINER: Send POST https://localhost:8080/receive HTTP/1.1 message to https://localhost:8080/receive
Apr 25, 2017 12:37:59 PM org.sparkle.twilight.HttpsUtil createAndExecuteRequest
FINER: Send POST https://localhost:8080/lookup/linear HTTP/1.1 message to https://localhost:8080/lookup/linear
Apr 25, 2017 12:37:59 PM org.sparkle.twilight.HttpsUtil createAndExecuteRequest
FINER: Send POST https://localhost:8080/receive HTTP/1.1 message to https://localhost:8080/receive
Apr 25, 2017 12:37:59 PM org.sparkle.twilight.HttpsUtil createAndExecuteRequest
FINER: Send POST https://localhost:8080/lookup/linear HTTP/1.1 message to https://localhost:8080/lookup/linear
Apr 25, 2017 12:37:59 PM org.sparkle.twilight.HttpsUtil createAndExecuteRequest
FINER: Send POST https://localhost:8080/receive HTTP/1.1 message to https://localhost:8080/receive
Apr 25, 2017 12:37:59 PM org.sparkle.twilight.HttpsUtil createAndExecuteRequest
FINER: Send POST https://localhost:8080/lookup/linear HTTP/1.1 message to https://localhost:8080/lookup/linear
Apr 25, 2017 12:37:59 PM org.sparkle.twilight.HttpsUtil createAndExecuteRequest
FINER: Send POST https://localhost:8080/receive HTTP/1.1 message to https://localhost:8080/receive
Apr 25, 2017 12:37:59 PM org.sparkle.twilight.HttpsUtil createAndExecuteRequest
FINER: Send POST https://localhost:8080/lookup/linear HTTP/1.1 message to https://localhost:8080/lookup/linear
Apr 25, 2017 12:37:59 PM org.sparkle.twilight.HttpsUtil createAndExecuteRequest
FINER: Send POST https://localhost:8080/receive HTTP/1.1 message to https://localhost:8080/receive
Apr 25, 2017 12:37:59 PM org.sparkle.twilight.HttpsUtil createAndExecuteRequest
FINER: Send POST https://localhost:8080/lookup/linear HTTP/1.1 message to https://localhost:8080/lookup/linear
Apr 25, 2017 12:37:59 PM org.sparkle.twilight.HttpsUtil createAndExecuteRequest
FINER: Send POST https://localhost:8080/receive HTTP/1.1 message to https://localhost:8080/receive
Apr 25, 2017 12:37:59 PM org.sparkle.twilight.HttpsUtil createAndExecuteRequest
FINER: Send POST https://localhost:8080/lookup/linear HTTP/1.1 message to https://localhost:8080/lookup/linear
Apr 25, 2017 12:37:59 PM org.sparkle.twilight.HttpsUtil createAndExecuteRequest
FINER: Send POST https://localhost:8080/receive HTTP/1.1 message to https://localhost:8080/receive
Apr 25, 2017 12:37:59 PM org.sparkle.twilight.HttpsUtil createAndExecuteRequest
FINER: Send POST https://localhost:8080/lookup/linear HTTP/1.1 message to https://localhost:8080/lookup/linear
Apr 25, 2017 12:37:59 PM org.sparkle.twilight.HttpsUtil createAndExecuteRequest
FINER: Send POST https://localhost:8080/receive HTTP/1.1 message to https://localhost:8080/receive
Apr 25, 2017 12:37:59 PM org.sparkle.twilight.HttpsUtil createAndExecuteRequest
FINER: Send POST https://localhost:8080/lookup/linear HTTP/1.1 message to https://localhost:8080/lookup/linear
Apr 25, 2017 12:37:59 PM org.sparkle.twilight.HttpsUtil createAndExecuteRequest
FINER: Send POST https://localhost:8080/receive HTTP/1.1 message to https://localhost:8080/receive
Apr 25, 2017 12:37:59 PM org.sparkle.twilight.Node maintainLists
FINEST: Sleeping for 5224.436686185237 ms
Apr 25, 2017 12:38:04 PM org.sparkle.twilight.Node upsertSuccessorList
INFO: Upserting Successor List
Apr 25, 2017 12:38:04 PM org.sparkle.twilight.Node maintainLists
FINEST: Sleeping for 8920.78365306333 ms
Apr 25, 2017 12:38:13 PM org.sparkle.twilight.Node upsertFingerTable
INFO: Upserting Fingertable
Apr 25, 2017 12:38:13 PM org.sparkle.twilight.HttpsUtil createAndExecuteRequest
FINER: Send POST https://localhost:8080/lookup/linear HTTP/1.1 message to https://localhost:8080/lookup/linear
Apr 25, 2017 12:38:13 PM org.sparkle.twilight.HttpsUtil createAndExecuteRequest
FINER: Send POST https://localhost:8080/receive HTTP/1.1 message to https://localhost:8080/receive
Apr 25, 2017 12:38:13 PM org.sparkle.twilight.HttpsUtil createAndExecuteRequest
FINER: Send POST https://localhost:8080/lookup/linear HTTP/1.1 message to https://localhost:8080/lookup/linear
Apr 25, 2017 12:38:13 PM org.sparkle.twilight.HttpsUtil createAndExecuteRequest
FINER: Send POST https://localhost:8080/receive HTTP/1.1 message to https://localhost:8080/receive
Apr 25, 2017 12:38:13 PM org.sparkle.twilight.HttpsUtil createAndExecuteRequest
FINER: Send POST https://localhost:8080/lookup/linear HTTP/1.1 message to https://localhost:8080/lookup/linear
Apr 25, 2017 12:38:13 PM org.sparkle.twilight.HttpsUtil createAndExecuteRequest
FINER: Send POST https://localhost:8080/receive HTTP/1.1 message to https://localhost:8080/receive
Apr 25, 2017 12:38:13 PM org.sparkle.twilight.HttpsUtil createAndExecuteRequest
FINER: Send POST https://localhost:8080/lookup/linear HTTP/1.1 message to https://localhost:8080/lookup/linear
Apr 25, 2017 12:38:13 PM org.sparkle.twilight.HttpsUtil createAndExecuteRequest
FINER: Send POST https://localhost:8080/receive HTTP/1.1 message to https://localhost:8080/receive
Apr 25, 2017 12:38:13 PM org.sparkle.twilight.HttpsUtil createAndExecuteRequest
FINER: Send POST https://localhost:8080/lookup/linear HTTP/1.1 message to https://localhost:8080/lookup/linear
Apr 25, 2017 12:38:13 PM org.sparkle.twilight.HttpsUtil createAndExecuteRequest
FINER: Send POST https://localhost:8080/receive HTTP/1.1 message to https://localhost:8080/receive
Apr 25, 2017 12:38:13 PM org.sparkle.twilight.HttpsUtil createAndExecuteRequest
FINER: Send POST https://localhost:8080/lookup/linear HTTP/1.1 message to https://localhost:8080/lookup/linear
Apr 25, 2017 12:38:13 PM org.sparkle.twilight.HttpsUtil createAndExecuteRequest
FINER: Send POST https://localhost:8080/receive HTTP/1.1 message to https://localhost:8080/receive
Apr 25, 2017 12:38:13 PM org.sparkle.twilight.HttpsUtil createAndExecuteRequest
FINER: Send POST https://localhost:8080/lookup/linear HTTP/1.1 message to https://localhost:8080/lookup/linear
Apr 25, 2017 12:38:13 PM org.sparkle.twilight.HttpsUtil createAndExecuteRequest
FINER: Send POST https://localhost:8080/receive HTTP/1.1 message to https://localhost:8080/receive
Apr 25, 2017 12:38:13 PM org.sparkle.twilight.HttpsUtil createAndExecuteRequest
FINER: Send POST https://localhost:8080/lookup/linear HTTP/1.1 message to https://localhost:8080/lookup/linear
Apr 25, 2017 12:38:13 PM org.sparkle.twilight.HttpsUtil createAndExecuteRequest
FINER: Send POST https://localhost:8080/receive HTTP/1.1 message to https://localhost:8080/receive
Apr 25, 2017 12:38:13 PM org.sparkle.twilight.HttpsUtil createAndExecuteRequest
FINER: Send POST https://localhost:8080/lookup/linear HTTP/1.1 message to https://localhost:8080/lookup/linear
Apr 25, 2017 12:38:13 PM org.sparkle.twilight.HttpsUtil createAndExecuteRequest
FINER: Send POST https://localhost:8080/receive HTTP/1.1 message to https://localhost:8080/receive
Apr 25, 2017 12:38:13 PM org.sparkle.twilight.HttpsUtil createAndExecuteRequest
FINER: Send POST https://localhost:8080/lookup/linear HTTP/1.1 message to https://localhost:8080/lookup/linear
Apr 25, 2017 12:38:13 PM org.sparkle.twilight.HttpsUtil createAndExecuteRequest
FINER: Send POST https://localhost:8080/receive HTTP/1.1 message to https://localhost:8080/receive
Apr 25, 2017 12:38:13 PM org.sparkle.twilight.HttpsUtil createAndExecuteRequest
FINER: Send POST https://localhost:8080/lookup/linear HTTP/1.1 message to https://localhost:8080/lookup/linear
Apr 25, 2017 12:38:13 PM org.sparkle.twilight.HttpsUtil createAndExecuteRequest
FINER: Send POST https://localhost:8080/receive HTTP/1.1 message to https://localhost:8080/receive
Apr 25, 2017 12:38:13 PM org.sparkle.twilight.HttpsUtil createAndExecuteRequest
FINER: Send POST https://localhost:8080/lookup/linear HTTP/1.1 message to https://localhost:8080/lookup/linear
Apr 25, 2017 12:38:13 PM org.sparkle.twilight.HttpsUtil createAndExecuteRequest
FINER: Send POST https://localhost:8080/receive HTTP/1.1 message to https://localhost:8080/receive
Apr 25, 2017 12:38:13 PM org.sparkle.twilight.Node maintainLists
FINEST: Sleeping for 8920.78365306333 ms
Apr 25, 2017 12:38:22 PM org.sparkle.twilight.Node upsertSuccessorList
INFO: Upserting Successor List
Apr 25, 2017 12:38:22 PM org.sparkle.twilight.Node maintainLists
FINEST: Sleeping for 9673.066909798177 ms
Apr 25, 2017 12:38:32 PM org.sparkle.twilight.Node upsertFingerTable
INFO: Upserting Fingertable
Apr 25, 2017 12:38:32 PM org.sparkle.twilight.HttpsUtil createAndExecuteRequest
FINER: Send POST https://localhost:8080/lookup/linear HTTP/1.1 message to https://localhost:8080/lookup/linear
Apr 25, 2017 12:38:32 PM org.sparkle.twilight.HttpsUtil createAndExecuteRequest
FINER: Send POST https://localhost:8080/receive HTTP/1.1 message to https://localhost:8080/receive
Apr 25, 2017 12:38:32 PM org.sparkle.twilight.HttpsUtil createAndExecuteRequest
FINER: Send POST https://localhost:8080/lookup/linear HTTP/1.1 message to https://localhost:8080/lookup/linear
Apr 25, 2017 12:38:32 PM org.sparkle.twilight.HttpsUtil createAndExecuteRequest
FINER: Send POST https://localhost:8080/receive HTTP/1.1 message to https://localhost:8080/receive
Apr 25, 2017 12:38:32 PM org.sparkle.twilight.HttpsUtil createAndExecuteRequest
FINER: Send POST https://localhost:8080/lookup/linear HTTP/1.1 message to https://localhost:8080/lookup/linear
Apr 25, 2017 12:38:32 PM org.sparkle.twilight.HttpsUtil createAndExecuteRequest
FINER: Send POST https://localhost:8080/receive HTTP/1.1 message to https://localhost:8080/receive
Apr 25, 2017 12:38:32 PM org.sparkle.twilight.HttpsUtil createAndExecuteRequest
FINER: Send POST https://localhost:8080/lookup/linear HTTP/1.1 message to https://localhost:8080/lookup/linear
Apr 25, 2017 12:38:32 PM org.sparkle.twilight.HttpsUtil createAndExecuteRequest
FINER: Send POST https://localhost:8080/receive HTTP/1.1 message to https://localhost:8080/receive
Apr 25, 2017 12:38:32 PM org.sparkle.twilight.HttpsUtil createAndExecuteRequest
FINER: Send POST https://localhost:8080/lookup/linear HTTP/1.1 message to https://localhost:8080/lookup/linear
Apr 25, 2017 12:38:32 PM org.sparkle.twilight.HttpsUtil createAndExecuteRequest
FINER: Send POST https://localhost:8080/receive HTTP/1.1 message to https://localhost:8080/receive
Apr 25, 2017 12:38:32 PM org.sparkle.twilight.HttpsUtil createAndExecuteRequest
FINER: Send POST https://localhost:8080/lookup/linear HTTP/1.1 message to https://localhost:8080/lookup/linear
Apr 25, 2017 12:38:32 PM org.sparkle.twilight.HttpsUtil createAndExecuteRequest
FINER: Send POST https://localhost:8080/receive HTTP/1.1 message to https://localhost:8080/receive
Apr 25, 2017 12:38:32 PM org.sparkle.twilight.HttpsUtil createAndExecuteRequest
FINER: Send POST https://localhost:8080/lookup/linear HTTP/1.1 message to https://localhost:8080/lookup/linear
Apr 25, 2017 12:38:32 PM org.sparkle.twilight.HttpsUtil createAndExecuteRequest
FINER: Send POST https://localhost:8080/receive HTTP/1.1 message to https://localhost:8080/receive
Apr 25, 2017 12:38:32 PM org.sparkle.twilight.HttpsUtil createAndExecuteRequest
FINER: Send POST https://localhost:8080/lookup/linear HTTP/1.1 message to https://localhost:8080/lookup/linear
Apr 25, 2017 12:38:32 PM org.sparkle.twilight.HttpsUtil createAndExecuteRequest
FINER: Send POST https://localhost:8080/receive HTTP/1.1 message to https://localhost:8080/receive
Apr 25, 2017 12:38:32 PM org.sparkle.twilight.HttpsUtil createAndExecuteRequest
FINER: Send POST https://localhost:8080/lookup/linear HTTP/1.1 message to https://localhost:8080/lookup/linear
Apr 25, 2017 12:38:32 PM org.sparkle.twilight.HttpsUtil createAndExecuteRequest
FINER: Send POST https://localhost:8080/receive HTTP/1.1 message to https://localhost:8080/receive
Apr 25, 2017 12:38:32 PM org.sparkle.twilight.HttpsUtil createAndExecuteRequest
FINER: Send POST https://localhost:8080/lookup/linear HTTP/1.1 message to https://localhost:8080/lookup/linear
Apr 25, 2017 12:38:32 PM org.sparkle.twilight.HttpsUtil createAndExecuteRequest
FINER: Send POST https://localhost:8080/receive HTTP/1.1 message to https://localhost:8080/receive
Apr 25, 2017 12:38:32 PM org.sparkle.twilight.HttpsUtil createAndExecuteRequest
FINER: Send POST https://localhost:8080/lookup/linear HTTP/1.1 message to https://localhost:8080/lookup/linear
Apr 25, 2017 12:38:32 PM org.sparkle.twilight.HttpsUtil createAndExecuteRequest
FINER: Send POST https://localhost:8080/receive HTTP/1.1 message to https://localhost:8080/receive
Apr 25, 2017 12:38:32 PM org.sparkle.twilight.HttpsUtil createAndExecuteRequest
FINER: Send POST https://localhost:8080/lookup/linear HTTP/1.1 message to https://localhost:8080/lookup/linear
Apr 25, 2017 12:38:32 PM org.sparkle.twilight.HttpsUtil createAndExecuteRequest
FINER: Send POST https://localhost:8080/receive HTTP/1.1 message to https://localhost:8080/receive
Apr 25, 2017 12:38:32 PM org.sparkle.twilight.Node maintainLists
FINEST: Sleeping for 9673.066909798177 ms
Apr 25, 2017 12:38:42 PM org.sparkle.twilight.Node upsertSuccessorList
INFO: Upserting Successor List
Apr 25, 2017 12:38:42 PM org.sparkle.twilight.Node maintainLists
FINEST: Sleeping for 6469.284388198612 ms
